[     256ms] [INFO] %cDownload the React DevTools for a better development experience: https://react.dev/link/react-devtools font-weight:bold @ http://localhost:3000/_next/static/chunks/node_modules_next_dist_115brz8._.js:2431
[     359ms] [LOG] [HMR] connected @ http://localhost:3000/_next/static/chunks/node_modules_next_dist_115brz8._.js:2431
[  598938ms] [LOG] [Fast Refresh] rebuilding @ http://localhost:3000/_next/static/chunks/node_modules_next_dist_115brz8._.js:2431
[  599016ms] [ERROR] ./src/components/landing/about-challenge-section.tsx:2:1
Module not found: Can't resolve '@/lib/landing-content'
  1 | import { Sparkles } from "lucide-react";
> 2 | import { growthTags } from "@/lib/landing-content";
    | ^^^^^^^^^^^^^^^^^^^^^^^^^^^^^^^^^^^^^^^^^^^^^^^^^^^
  3 | import { Section } from "./section";
  4 |
  5 | export function AboutChallengeSection() {

Import map: aliased to relative './src/lib/landing-content' inside of [project]/

Import trace:
  Server Component:
    ./src/components/landing/about-challenge-section.tsx
    ./src/app/page.tsx

https://nextjs.org/docs/messages/module-not-found @ http://localhost:3000/_next/static/chunks/node_modules_next_dist_115brz8._.js:3272
[  599016ms] [ERROR] ./src/components/landing/benefits-section.tsx:8:1
Module not found: Can't resolve '@/lib/landing-content'
   6 |   Sparkles,
   7 | } from "lucide-react";
>  8 | import { benefits } from "@/lib/landing-content";
     | ^^^^^^^^^^^^^^^^^^^^^^^^^^^^^^^^^^^^^^^^^^^^^^^^^
   9 | import { Section } from "./section";
  10 |
  11 | const icons = [Rocket, BadgeDollarSign, Sparkles, BriefcaseBusiness, Award];

Import map: aliased to relative './src/lib/landing-content' inside of [project]/

Import trace:
  Server Component:
    ./src/components/landing/benefits-section.tsx
    ./src/app/page.tsx

https://nextjs.org/docs/messages/module-not-found @ http://localhost:3000/_next/static/chunks/node_modules_next_dist_115brz8._.js:3272
[  599017ms] [ERROR] ./src/components/landing/faq-section.tsx:5:1
Module not found: Can't resolve '@/lib/landing-content'
  3 | import { ChevronDown } from "lucide-react";
  4 | import { useState } from "react";
> 5 | import { faqs } from "@/lib/landing-content";
    | ^^^^^^^^^^^^^^^^^^^^^^^^^^^^^^^^^^^^^^^^^^^^^
  6 | import { cn } from "@/lib/utils";
  7 | import { Section } from "./section";
  8 |

Import map: aliased to relative './src/lib/landing-content' inside of [project]/

Import trace:
  Server Component:
    ./src/components/landing/faq-section.tsx
    ./src/app/page.tsx

https://nextjs.org/docs/messages/module-not-found @ http://localhost:3000/_next/static/chunks/node_modules_next_dist_115brz8._.js:3272
[  599017ms] [ERROR] ./src/components/landing/footer.tsx:1:1
Module not found: Can't resolve '@/lib/landing-content'
> 1 | import { navItems } from "@/lib/landing-content";
    | ^^^^^^^^^^^^^^^^^^^^^^^^^^^^^^^^^^^^^^^^^^^^^^^^^
  2 |
  3 | export function Footer() {
  4 |   return (

Import map: aliased to relative './src/lib/landing-content' inside of [project]/

Import trace:
  Server Component:
    ./src/components/landing/footer.tsx
    ./src/app/page.tsx

https://nextjs.org/docs/messages/module-not-found @ http://localhost:3000/_next/static/chunks/node_modules_next_dist_115brz8._.js:3272
[  599017ms] [ERROR] ./src/components/landing/header.tsx:5:1
Module not found: Can't resolve '@/lib/landing-content'
  3 | import { Menu, X } from "lucide-react";
  4 | import { useState } from "react";
> 5 | import { navItems } from "@/lib/landing-content";
    | ^^^^^^^^^^^^^^^^^^^^^^^^^^^^^^^^^^^^^^^^^^^^^^^^^
  6 | import { cn } from "@/lib/utils";
  7 |
  8 | const ctaHref = "https://t.me/mira?start=growth_hack";

Import map: aliased to relative './src/lib/landing-content' inside of [project]/

Import trace:
  Server Component:
    ./src/components/landing/header.tsx
    ./src/app/page.tsx

https://nextjs.org/docs/messages/module-not-found @ http://localhost:3000/_next/static/chunks/node_modules_next_dist_115brz8._.js:3272
[  599017ms] [ERROR] ./src/components/landing/mira-section.tsx:2:1
Module not found: Can't resolve '@/lib/landing-content'
  1 | import { Bot, CheckCircle2 } from "lucide-react";
> 2 | import { miraFeatures } from "@/lib/landing-content";
    | ^^^^^^^^^^^^^^^^^^^^^^^^^^^^^^^^^^^^^^^^^^^^^^^^^^^^^
  3 | import { Section } from "./section";
  4 |
  5 | export function MiraSection() {

Import map: aliased to relative './src/lib/landing-content' inside of [project]/

Import trace:
  Server Component:
    ./src/components/landing/mira-section.tsx
    ./src/app/page.tsx

https://nextjs.org/docs/messages/module-not-found @ http://localhost:3000/_next/static/chunks/node_modules_next_dist_115brz8._.js:3272
[  599017ms] [ERROR] ./src/components/landing/steps-section.tsx:2:1
Module not found: Can't resolve '@/lib/landing-content'
  1 | import { Trophy } from "lucide-react";
> 2 | import { steps } from "@/lib/landing-content";
    | ^^^^^^^^^^^^^^^^^^^^^^^^^^^^^^^^^^^^^^^^^^^^^^
  3 | import { Section } from "./section";
  4 |
  5 | export function StepsSection() {

Import map: aliased to relative './src/lib/landing-content' inside of [project]/

Import trace:
  Server Component:
    ./src/components/landing/steps-section.tsx
    ./src/app/page.tsx

https://nextjs.org/docs/messages/module-not-found @ http://localhost:3000/_next/static/chunks/node_modules_next_dist_115brz8._.js:3272
[  599017ms] [ERROR] ./src/components/landing/timeline-section.tsx:1:1
Module not found: Can't resolve '@/lib/landing-content'
> 1 | import { timeline } from "@/lib/landing-content";
    | ^^^^^^^^^^^^^^^^^^^^^^^^^^^^^^^^^^^^^^^^^^^^^^^^^
  2 | import { Section } from "./section";
  3 |
  4 | export function TimelineSection() {

Import map: aliased to relative './src/lib/landing-content' inside of [project]/

Import trace:
  Server Component:
    ./src/components/landing/timeline-section.tsx
    ./src/app/page.tsx

https://nextjs.org/docs/messages/module-not-found @ http://localhost:3000/_next/static/chunks/node_modules_next_dist_115brz8._.js:3272
[  599018ms] [ERROR] ./src/components/landing/tracks-section.tsx:1:1
Module not found: Can't resolve '@/lib/landing-content'
> 1 | import { tracks } from "@/lib/landing-content";
    | ^^^^^^^^^^^^^^^^^^^^^^^^^^^^^^^^^^^^^^^^^^^^^^^
  2 | import { Section } from "./section";
  3 | import { TrackCard } from "./track-card";
  4 |

Import map: aliased to relative './src/lib/landing-content' inside of [project]/

Import trace:
  Server Component:
    ./src/components/landing/tracks-section.tsx
    ./src/app/page.tsx

https://nextjs.org/docs/messages/module-not-found @ http://localhost:3000/_next/static/chunks/node_modules_next_dist_115brz8._.js:3272
[  599167ms] [ERROR] ./src/components/landing/about-challenge-section.tsx:2:1
Module not found: Can't resolve '@/lib/landing-content'
  1 | import { Sparkles } from "lucide-react";
> 2 | import { growthTags } from "@/lib/landing-content";
    | ^^^^^^^^^^^^^^^^^^^^^^^^^^^^^^^^^^^^^^^^^^^^^^^^^^^
  3 | import { Section } from "./section";
  4 |
  5 | export function AboutChallengeSection() {

Import map: aliased to relative './src/lib/landing-content' inside of [project]/

Import trace:
  Server Component:
    ./src/components/landing/about-challenge-section.tsx
    ./src/app/page.tsx

https://nextjs.org/docs/messages/module-not-found @ http://localhost:3000/_next/static/chunks/node_modules_next_dist_115brz8._.js:3272
[  599167ms] [ERROR] ./src/components/landing/benefits-section.tsx:8:1
Module not found: Can't resolve '@/lib/landing-content'
   6 |   Sparkles,
   7 | } from "lucide-react";
>  8 | import { benefits } from "@/lib/landing-content";
     | ^^^^^^^^^^^^^^^^^^^^^^^^^^^^^^^^^^^^^^^^^^^^^^^^^
   9 | import { Section } from "./section";
  10 |
  11 | const icons = [Rocket, BadgeDollarSign, Sparkles, BriefcaseBusiness, Award];

Import map: aliased to relative './src/lib/landing-content' inside of [project]/

Import trace:
  Server Component:
    ./src/components/landing/benefits-section.tsx
    ./src/app/page.tsx

https://nextjs.org/docs/messages/module-not-found @ http://localhost:3000/_next/static/chunks/node_modules_next_dist_115brz8._.js:3272
[  599168ms] [ERROR] ./src/components/landing/faq-section.tsx:5:1
Module not found: Can't resolve '@/lib/landing-content'
  3 | import { ChevronDown } from "lucide-react";
  4 | import { useState } from "react";
> 5 | import { faqs } from "@/lib/landing-content";
    | ^^^^^^^^^^^^^^^^^^^^^^^^^^^^^^^^^^^^^^^^^^^^^
  6 | import { cn } from "@/lib/utils";
  7 | import { Section } from "./section";
  8 |

Import map: aliased to relative './src/lib/landing-content' inside of [project]/

Import trace:
  Server Component:
    ./src/components/landing/faq-section.tsx
    ./src/app/page.tsx

https://nextjs.org/docs/messages/module-not-found @ http://localhost:3000/_next/static/chunks/node_modules_next_dist_115brz8._.js:3272
[  599168ms] [ERROR] ./src/components/landing/footer.tsx:1:1
Module not found: Can't resolve '@/lib/landing-content'
> 1 | import { navItems } from "@/lib/landing-content";
    | ^^^^^^^^^^^^^^^^^^^^^^^^^^^^^^^^^^^^^^^^^^^^^^^^^
  2 |
  3 | export function Footer() {
  4 |   return (

Import map: aliased to relative './src/lib/landing-content' inside of [project]/

Import trace:
  Server Component:
    ./src/components/landing/footer.tsx
    ./src/app/page.tsx

https://nextjs.org/docs/messages/module-not-found @ http://localhost:3000/_next/static/chunks/node_modules_next_dist_115brz8._.js:3272
[  599168ms] [ERROR] ./src/components/landing/header.tsx:5:1
Module not found: Can't resolve '@/lib/landing-content'
  3 | import { Menu, X } from "lucide-react";
  4 | import { useState } from "react";
> 5 | import { navItems } from "@/lib/landing-content";
    | ^^^^^^^^^^^^^^^^^^^^^^^^^^^^^^^^^^^^^^^^^^^^^^^^^
  6 | import { cn } from "@/lib/utils";
  7 |
  8 | const ctaHref = "https://t.me/mira?start=growth_hack";

Import map: aliased to relative './src/lib/landing-content' inside of [project]/

Import trace:
  Server Component:
    ./src/components/landing/header.tsx
    ./src/app/page.tsx

https://nextjs.org/docs/messages/module-not-found @ http://localhost:3000/_next/static/chunks/node_modules_next_dist_115brz8._.js:3272
[  599168ms] [ERROR] ./src/components/landing/mira-section.tsx:2:1
Module not found: Can't resolve '@/lib/landing-content'
  1 | import { Bot, CheckCircle2 } from "lucide-react";
> 2 | import { miraFeatures } from "@/lib/landing-content";
    | ^^^^^^^^^^^^^^^^^^^^^^^^^^^^^^^^^^^^^^^^^^^^^^^^^^^^^
  3 | import { Section } from "./section";
  4 |
  5 | export function MiraSection() {

Import map: aliased to relative './src/lib/landing-content' inside of [project]/

Import trace:
  Server Component:
    ./src/components/landing/mira-section.tsx
    ./src/app/page.tsx

https://nextjs.org/docs/messages/module-not-found @ http://localhost:3000/_next/static/chunks/node_modules_next_dist_115brz8._.js:3272
[  599168ms] [ERROR] ./src/components/landing/steps-section.tsx:2:1
Module not found: Can't resolve '@/lib/landing-content'
  1 | import { Trophy } from "lucide-react";
> 2 | import { steps } from "@/lib/landing-content";
    | ^^^^^^^^^^^^^^^^^^^^^^^^^^^^^^^^^^^^^^^^^^^^^^
  3 | import { Section } from "./section";
  4 |
  5 | export function StepsSection() {

Import map: aliased to relative './src/lib/landing-content' inside of [project]/

Import trace:
  Server Component:
    ./src/components/landing/steps-section.tsx
    ./src/app/page.tsx

https://nextjs.org/docs/messages/module-not-found @ http://localhost:3000/_next/static/chunks/node_modules_next_dist_115brz8._.js:3272
[  599168ms] [ERROR] ./src/components/landing/timeline-section.tsx:1:1
Module not found: Can't resolve '@/lib/landing-content'
> 1 | import { timeline } from "@/lib/landing-content";
    | ^^^^^^^^^^^^^^^^^^^^^^^^^^^^^^^^^^^^^^^^^^^^^^^^^
  2 | import { Section } from "./section";
  3 |
  4 | export function TimelineSection() {

Import map: aliased to relative './src/lib/landing-content' inside of [project]/

Import trace:
  Server Component:
    ./src/components/landing/timeline-section.tsx
    ./src/app/page.tsx

https://nextjs.org/docs/messages/module-not-found @ http://localhost:3000/_next/static/chunks/node_modules_next_dist_115brz8._.js:3272
[  599168ms] [ERROR] ./src/components/landing/tracks-section.tsx:1:1
Module not found: Can't resolve '@/lib/landing-content'
> 1 | import { tracks } from "@/lib/landing-content";
    | ^^^^^^^^^^^^^^^^^^^^^^^^^^^^^^^^^^^^^^^^^^^^^^^
  2 | import { Section } from "./section";
  3 | import { TrackCard } from "./track-card";
  4 |

Import map: aliased to relative './src/lib/landing-content' inside of [project]/

Import trace:
  Server Component:
    ./src/components/landing/tracks-section.tsx
    ./src/app/page.tsx

https://nextjs.org/docs/messages/module-not-found @ http://localhost:3000/_next/static/chunks/node_modules_next_dist_115brz8._.js:3272
[  599269ms] [LOG] [Fast Refresh] rebuilding @ http://localhost:3000/_next/static/chunks/node_modules_next_dist_115brz8._.js:2431
[  599732ms] [ERROR] ./src/components/landing/about-challenge-section.tsx:2:1
Module not found: Can't resolve '@/lib/landing-content'
  1 | import { Sparkles } from "lucide-react";
> 2 | import { growthTags } from "@/lib/landing-content";
    | ^^^^^^^^^^^^^^^^^^^^^^^^^^^^^^^^^^^^^^^^^^^^^^^^^^^
  3 | import { Section } from "./section";
  4 |
  5 | export function AboutChallengeSection() {

Import map: aliased to relative './src/lib/landing-content' inside of [project]/

Import trace:
  Server Component:
    ./src/components/landing/about-challenge-section.tsx
    ./src/app/page.tsx

https://nextjs.org/docs/messages/module-not-found @ http://localhost:3000/_next/static/chunks/node_modules_next_dist_115brz8._.js:3272
[  599733ms] [ERROR] ./src/components/landing/benefits-section.tsx:8:1
Module not found: Can't resolve '@/lib/landing-content'
   6 |   Sparkles,
   7 | } from "lucide-react";
>  8 | import { benefits } from "@/lib/landing-content";
     | ^^^^^^^^^^^^^^^^^^^^^^^^^^^^^^^^^^^^^^^^^^^^^^^^^
   9 | import { Section } from "./section";
  10 |
  11 | const icons = [Rocket, BadgeDollarSign, Sparkles, BriefcaseBusiness, Award];

Import map: aliased to relative './src/lib/landing-content' inside of [project]/

Import trace:
  Server Component:
    ./src/components/landing/benefits-section.tsx
    ./src/app/page.tsx

https://nextjs.org/docs/messages/module-not-found @ http://localhost:3000/_next/static/chunks/node_modules_next_dist_115brz8._.js:3272
[  599733ms] [ERROR] ./src/components/landing/faq-section.tsx:5:1
Module not found: Can't resolve '@/lib/landing-content'
  3 | import { ChevronDown } from "lucide-react";
  4 | import { useState } from "react";
> 5 | import { faqs } from "@/lib/landing-content";
    | ^^^^^^^^^^^^^^^^^^^^^^^^^^^^^^^^^^^^^^^^^^^^^
  6 | import { cn } from "@/lib/utils";
  7 | import { Section } from "./section";
  8 |

Import map: aliased to relative './src/lib/landing-content' inside of [project]/

Import trace:
  Server Component:
    ./src/components/landing/faq-section.tsx
    ./src/app/page.tsx

https://nextjs.org/docs/messages/module-not-found @ http://localhost:3000/_next/static/chunks/node_modules_next_dist_115brz8._.js:3272
[  599733ms] [ERROR] ./src/components/landing/footer.tsx:1:1
Module not found: Can't resolve '@/lib/landing-content'
> 1 | import { navItems } from "@/lib/landing-content";
    | ^^^^^^^^^^^^^^^^^^^^^^^^^^^^^^^^^^^^^^^^^^^^^^^^^
  2 |
  3 | export function Footer() {
  4 |   return (

Import map: aliased to relative './src/lib/landing-content' inside of [project]/

Import trace:
  Server Component:
    ./src/components/landing/footer.tsx
    ./src/app/page.tsx

https://nextjs.org/docs/messages/module-not-found @ http://localhost:3000/_next/static/chunks/node_modules_next_dist_115brz8._.js:3272
[  599733ms] [ERROR] ./src/components/landing/header.tsx:5:1
Module not found: Can't resolve '@/lib/landing-content'
  3 | import { Menu, X } from "lucide-react";
  4 | import { useState } from "react";
> 5 | import { navItems } from "@/lib/landing-content";
    | ^^^^^^^^^^^^^^^^^^^^^^^^^^^^^^^^^^^^^^^^^^^^^^^^^
  6 | import { cn } from "@/lib/utils";
  7 |
  8 | const ctaHref = "https://t.me/mira?start=growth_hack";

Import map: aliased to relative './src/lib/landing-content' inside of [project]/

Import trace:
  Server Component:
    ./src/components/landing/header.tsx
    ./src/app/page.tsx

https://nextjs.org/docs/messages/module-not-found @ http://localhost:3000/_next/static/chunks/node_modules_next_dist_115brz8._.js:3272
[  599733ms] [ERROR] ./src/components/landing/mira-section.tsx:2:1
Module not found: Can't resolve '@/lib/landing-content'
  1 | import { Bot, CheckCircle2 } from "lucide-react";
> 2 | import { miraFeatures } from "@/lib/landing-content";
    | ^^^^^^^^^^^^^^^^^^^^^^^^^^^^^^^^^^^^^^^^^^^^^^^^^^^^^
  3 | import { Section } from "./section";
  4 |
  5 | export function MiraSection() {

Import map: aliased to relative './src/lib/landing-content' inside of [project]/

Import trace:
  Server Component:
    ./src/components/landing/mira-section.tsx
    ./src/app/page.tsx

https://nextjs.org/docs/messages/module-not-found @ http://localhost:3000/_next/static/chunks/node_modules_next_dist_115brz8._.js:3272
[  599733ms] [ERROR] ./src/components/landing/steps-section.tsx:2:1
Module not found: Can't resolve '@/lib/landing-content'
  1 | import { Trophy } from "lucide-react";
> 2 | import { steps } from "@/lib/landing-content";
    | ^^^^^^^^^^^^^^^^^^^^^^^^^^^^^^^^^^^^^^^^^^^^^^
  3 | import { Section } from "./section";
  4 |
  5 | export function StepsSection() {

Import map: aliased to relative './src/lib/landing-content' inside of [project]/

Import trace:
  Server Component:
    ./src/components/landing/steps-section.tsx
    ./src/app/page.tsx

https://nextjs.org/docs/messages/module-not-found @ http://localhost:3000/_next/static/chunks/node_modules_next_dist_115brz8._.js:3272
[  599733ms] [ERROR] ./src/components/landing/timeline-section.tsx:1:1
Module not found: Can't resolve '@/lib/landing-content'
> 1 | import { timeline } from "@/lib/landing-content";
    | ^^^^^^^^^^^^^^^^^^^^^^^^^^^^^^^^^^^^^^^^^^^^^^^^^
  2 | import { Section } from "./section";
  3 |
  4 | export function TimelineSection() {

Import map: aliased to relative './src/lib/landing-content' inside of [project]/

Import trace:
  Server Component:
    ./src/components/landing/timeline-section.tsx
    ./src/app/page.tsx

https://nextjs.org/docs/messages/module-not-found @ http://localhost:3000/_next/static/chunks/node_modules_next_dist_115brz8._.js:3272
[  599733ms] [ERROR] ./src/components/landing/tracks-section.tsx:1:1
Module not found: Can't resolve '@/lib/landing-content'
> 1 | import { tracks } from "@/lib/landing-content";
    | ^^^^^^^^^^^^^^^^^^^^^^^^^^^^^^^^^^^^^^^^^^^^^^^
  2 | import { Section } from "./section";
  3 | import { TrackCard } from "./track-card";
  4 |

Import map: aliased to relative './src/lib/landing-content' inside of [project]/

Import trace:
  Server Component:
    ./src/components/landing/tracks-section.tsx
    ./src/app/page.tsx

https://nextjs.org/docs/messages/module-not-found @ http://localhost:3000/_next/static/chunks/node_modules_next_dist_115brz8._.js:3272
[  599734ms] [ERROR] Failed to load resource: the server responded with a status of 500 (Internal Server Error) @ http://localhost:3000/?_rsc=wnywt:0
[  599759ms] [ERROR] Failed to load resource: the server responded with a status of 500 (Internal Server Error) @ http://localhost:3000/?_rsc=wnywt:0
[  599778ms] [ERROR] Failed to load resource: the server responded with a status of 500 (Internal Server Error) @ http://localhost:3000/:0
[  599851ms] [INFO] %cDownload the React DevTools for a better development experience: https://react.dev/link/react-devtools font-weight:bold @ http://localhost:3000/_next/static/chunks/node_modules_react-dom_0bruynb._.js:15305
[  599909ms] Error: ./src/components/landing/about-challenge-section.tsx:2:1
Module not found: Can't resolve '@/lib/landing-content'
  1 | import { Sparkles } from "lucide-react";
> 2 | import { growthTags } from "@/lib/landing-content";
    | ^^^^^^^^^^^^^^^^^^^^^^^^^^^^^^^^^^^^^^^^^^^^^^^^^^^
  3 | import { Section } from "./section";
  4 |
  5 | export function AboutChallengeSection() {

Import map: aliased to relative './src/lib/landing-content' inside of [project]/


Import trace:
  Server Component:
    ./src/components/landing/about-challenge-section.tsx
    ./src/app/page.tsx

https://nextjs.org/docs/messages/module-not-found


    at <unknown> (Error: ./src/components/landing/about-challenge-section.tsx:2:1)
    at <unknown> (https://nextjs.org/docs/messages/module-not-found)
    at Object.getCompilationErrors (file:///home/const/Projects/decentra-hack/node_modules/next/dist/server/dev/hot-reloader-turbopack.js:1186:59)
    at DevBundlerService.getCompilationError (file:///home/const/Projects/decentra-hack/node_modules/next/dist/server/lib/dev-bundler-service.js:44:55)
    at DevServer.getCompilationError (file:///home/const/Projects/decentra-hack/node_modules/next/dist/server/dev/next-dev-server.js:719:42)
    at DevServer.findPageComponents (file:///home/const/Projects/decentra-hack/node_modules/next/dist/server/dev/next-dev-server.js:689:43)
    at async DevServer.renderErrorToResponseImpl (file:///home/const/Projects/decentra-hack/node_modules/next/dist/server/base-server.js:1745:26)
[  599910ms] [LOG] [HMR] connected @ http://localhost:3000/_next/static/chunks/node_modules_next_dist_0u_w_5s._.js:1226
[  599914ms] [ERROR] ./src/components/landing/about-challenge-section.tsx:2:1
Module not found: Can't resolve '@/lib/landing-content'
  1 | import { Sparkles } from "lucide-react";
> 2 | import { growthTags } from "@/lib/landing-content";
    | ^^^^^^^^^^^^^^^^^^^^^^^^^^^^^^^^^^^^^^^^^^^^^^^^^^^
  3 | import { Section } from "./section";
  4 |
  5 | export function AboutChallengeSection() {

Import map: aliased to relative './src/lib/landing-content' inside of [project]/

Import trace:
  Server Component:
    ./src/components/landing/about-challenge-section.tsx
    ./src/app/page.tsx

https://nextjs.org/docs/messages/module-not-found @ http://localhost:3000/_next/static/chunks/node_modules_next_dist_0u_w_5s._.js:1945
[  599914ms] [ERROR] ./src/components/landing/benefits-section.tsx:8:1
Module not found: Can't resolve '@/lib/landing-content'
   6 |   Sparkles,
   7 | } from "lucide-react";
>  8 | import { benefits } from "@/lib/landing-content";
     | ^^^^^^^^^^^^^^^^^^^^^^^^^^^^^^^^^^^^^^^^^^^^^^^^^
   9 | import { Section } from "./section";
  10 |
  11 | const icons = [Rocket, BadgeDollarSign, Sparkles, BriefcaseBusiness, Award];

Import map: aliased to relative './src/lib/landing-content' inside of [project]/

Import trace:
  Server Component:
    ./src/components/landing/benefits-section.tsx
    ./src/app/page.tsx

https://nextjs.org/docs/messages/module-not-found @ http://localhost:3000/_next/static/chunks/node_modules_next_dist_0u_w_5s._.js:1945
[  599914ms] [ERROR] ./src/components/landing/faq-section.tsx:5:1
Module not found: Can't resolve '@/lib/landing-content'
  3 | import { ChevronDown } from "lucide-react";
  4 | import { useState } from "react";
> 5 | import { faqs } from "@/lib/landing-content";
    | ^^^^^^^^^^^^^^^^^^^^^^^^^^^^^^^^^^^^^^^^^^^^^
  6 | import { cn } from "@/lib/utils";
  7 | import { Section } from "./section";
  8 |

Import map: aliased to relative './src/lib/landing-content' inside of [project]/

Import trace:
  Server Component:
    ./src/components/landing/faq-section.tsx
    ./src/app/page.tsx

https://nextjs.org/docs/messages/module-not-found @ http://localhost:3000/_next/static/chunks/node_modules_next_dist_0u_w_5s._.js:1945
[  599914ms] [ERROR] ./src/components/landing/footer.tsx:1:1
Module not found: Can't resolve '@/lib/landing-content'
> 1 | import { navItems } from "@/lib/landing-content";
    | ^^^^^^^^^^^^^^^^^^^^^^^^^^^^^^^^^^^^^^^^^^^^^^^^^
  2 |
  3 | export function Footer() {
  4 |   return (

Import map: aliased to relative './src/lib/landing-content' inside of [project]/

Import trace:
  Server Component:
    ./src/components/landing/footer.tsx
    ./src/app/page.tsx

https://nextjs.org/docs/messages/module-not-found @ http://localhost:3000/_next/static/chunks/node_modules_next_dist_0u_w_5s._.js:1945
[  599914ms] [ERROR] ./src/components/landing/header.tsx:5:1
Module not found: Can't resolve '@/lib/landing-content'
  3 | import { Menu, X } from "lucide-react";
  4 | import { useState } from "react";
> 5 | import { navItems } from "@/lib/landing-content";
    | ^^^^^^^^^^^^^^^^^^^^^^^^^^^^^^^^^^^^^^^^^^^^^^^^^
  6 | import { cn } from "@/lib/utils";
  7 |
  8 | const ctaHref = "https://t.me/mira?start=growth_hack";

Import map: aliased to relative './src/lib/landing-content' inside of [project]/

Import trace:
  Server Component:
    ./src/components/landing/header.tsx
    ./src/app/page.tsx

https://nextjs.org/docs/messages/module-not-found @ http://localhost:3000/_next/static/chunks/node_modules_next_dist_0u_w_5s._.js:1945
[  599914ms] [ERROR] ./src/components/landing/mira-section.tsx:2:1
Module not found: Can't resolve '@/lib/landing-content'
  1 | import { Bot, CheckCircle2 } from "lucide-react";
> 2 | import { miraFeatures } from "@/lib/landing-content";
    | ^^^^^^^^^^^^^^^^^^^^^^^^^^^^^^^^^^^^^^^^^^^^^^^^^^^^^
  3 | import { Section } from "./section";
  4 |
  5 | export function MiraSection() {

Import map: aliased to relative './src/lib/landing-content' inside of [project]/

Import trace:
  Server Component:
    ./src/components/landing/mira-section.tsx
    ./src/app/page.tsx

https://nextjs.org/docs/messages/module-not-found @ http://localhost:3000/_next/static/chunks/node_modules_next_dist_0u_w_5s._.js:1945
[  599914ms] [ERROR] ./src/components/landing/steps-section.tsx:2:1
Module not found: Can't resolve '@/lib/landing-content'
  1 | import { Trophy } from "lucide-react";
> 2 | import { steps } from "@/lib/landing-content";
    | ^^^^^^^^^^^^^^^^^^^^^^^^^^^^^^^^^^^^^^^^^^^^^^
  3 | import { Section } from "./section";
  4 |
  5 | export function StepsSection() {

Import map: aliased to relative './src/lib/landing-content' inside of [project]/

Import trace:
  Server Component:
    ./src/components/landing/steps-section.tsx
    ./src/app/page.tsx

https://nextjs.org/docs/messages/module-not-found @ http://localhost:3000/_next/static/chunks/node_modules_next_dist_0u_w_5s._.js:1945
[  599914ms] [ERROR] ./src/components/landing/timeline-section.tsx:1:1
Module not found: Can't resolve '@/lib/landing-content'
> 1 | import { timeline } from "@/lib/landing-content";
    | ^^^^^^^^^^^^^^^^^^^^^^^^^^^^^^^^^^^^^^^^^^^^^^^^^
  2 | import { Section } from "./section";
  3 |
  4 | export function TimelineSection() {

Import map: aliased to relative './src/lib/landing-content' inside of [project]/

Import trace:
  Server Component:
    ./src/components/landing/timeline-section.tsx
    ./src/app/page.tsx

https://nextjs.org/docs/messages/module-not-found @ http://localhost:3000/_next/static/chunks/node_modules_next_dist_0u_w_5s._.js:1945
[  599915ms] [ERROR] ./src/components/landing/tracks-section.tsx:1:1
Module not found: Can't resolve '@/lib/landing-content'
> 1 | import { tracks } from "@/lib/landing-content";
    | ^^^^^^^^^^^^^^^^^^^^^^^^^^^^^^^^^^^^^^^^^^^^^^^
  2 | import { Section } from "./section";
  3 | import { TrackCard } from "./track-card";
  4 |

Import map: aliased to relative './src/lib/landing-content' inside of [project]/

Import trace:
  Server Component:
    ./src/components/landing/tracks-section.tsx
    ./src/app/page.tsx

https://nextjs.org/docs/messages/module-not-found @ http://localhost:3000/_next/static/chunks/node_modules_next_dist_0u_w_5s._.js:1945
[  599988ms] [ERROR] ./src/components/landing/about-challenge-section.tsx:2:1
Module not found: Can't resolve '@/lib/landing-content'
  1 | import { Sparkles } from "lucide-react";
> 2 | import { growthTags } from "@/lib/landing-content";
    | ^^^^^^^^^^^^^^^^^^^^^^^^^^^^^^^^^^^^^^^^^^^^^^^^^^^
  3 | import { Section } from "./section";
  4 |
  5 | export function AboutChallengeSection() {

Import map: aliased to relative './src/lib/landing-content' inside of [project]/

Import trace:
  Server Component:
    ./src/components/landing/about-challenge-section.tsx
    ./src/app/page.tsx

https://nextjs.org/docs/messages/module-not-found @ http://localhost:3000/_next/static/chunks/node_modules_next_dist_0u_w_5s._.js:1945
[  599988ms] [ERROR] ./src/components/landing/benefits-section.tsx:8:1
Module not found: Can't resolve '@/lib/landing-content'
   6 |   Sparkles,
   7 | } from "lucide-react";
>  8 | import { benefits } from "@/lib/landing-content";
     | ^^^^^^^^^^^^^^^^^^^^^^^^^^^^^^^^^^^^^^^^^^^^^^^^^
   9 | import { Section } from "./section";
  10 |
  11 | const icons = [Rocket, BadgeDollarSign, Sparkles, BriefcaseBusiness, Award];

Import map: aliased to relative './src/lib/landing-content' inside of [project]/

Import trace:
  Server Component:
    ./src/components/landing/benefits-section.tsx
    ./src/app/page.tsx

https://nextjs.org/docs/messages/module-not-found @ http://localhost:3000/_next/static/chunks/node_modules_next_dist_0u_w_5s._.js:1945
[  599988ms] [ERROR] ./src/components/landing/faq-section.tsx:5:1
Module not found: Can't resolve '@/lib/landing-content'
  3 | import { ChevronDown } from "lucide-react";
  4 | import { useState } from "react";
> 5 | import { faqs } from "@/lib/landing-content";
    | ^^^^^^^^^^^^^^^^^^^^^^^^^^^^^^^^^^^^^^^^^^^^^
  6 | import { cn } from "@/lib/utils";
  7 | import { Section } from "./section";
  8 |

Import map: aliased to relative './src/lib/landing-content' inside of [project]/

Import trace:
  Server Component:
    ./src/components/landing/faq-section.tsx
    ./src/app/page.tsx

https://nextjs.org/docs/messages/module-not-found @ http://localhost:3000/_next/static/chunks/node_modules_next_dist_0u_w_5s._.js:1945
[  599988ms] [ERROR] ./src/components/landing/footer.tsx:1:1
Module not found: Can't resolve '@/lib/landing-content'
> 1 | import { navItems } from "@/lib/landing-content";
    | ^^^^^^^^^^^^^^^^^^^^^^^^^^^^^^^^^^^^^^^^^^^^^^^^^
  2 |
  3 | export function Footer() {
  4 |   return (

Import map: aliased to relative './src/lib/landing-content' inside of [project]/

Import trace:
  Server Component:
    ./src/components/landing/footer.tsx
    ./src/app/page.tsx

https://nextjs.org/docs/messages/module-not-found @ http://localhost:3000/_next/static/chunks/node_modules_next_dist_0u_w_5s._.js:1945
[  599988ms] [ERROR] ./src/components/landing/header.tsx:5:1
Module not found: Can't resolve '@/lib/landing-content'
  3 | import { Menu, X } from "lucide-react";
  4 | import { useState } from "react";
> 5 | import { navItems } from "@/lib/landing-content";
    | ^^^^^^^^^^^^^^^^^^^^^^^^^^^^^^^^^^^^^^^^^^^^^^^^^
  6 | import { cn } from "@/lib/utils";
  7 |
  8 | const ctaHref = "https://t.me/mira?start=growth_hack";

Import map: aliased to relative './src/lib/landing-content' inside of [project]/

Import trace:
  Server Component:
    ./src/components/landing/header.tsx
    ./src/app/page.tsx

https://nextjs.org/docs/messages/module-not-found @ http://localhost:3000/_next/static/chunks/node_modules_next_dist_0u_w_5s._.js:1945
[  599988ms] [ERROR] ./src/components/landing/mira-section.tsx:2:1
Module not found: Can't resolve '@/lib/landing-content'
  1 | import { Bot, CheckCircle2 } from "lucide-react";
> 2 | import { miraFeatures } from "@/lib/landing-content";
    | ^^^^^^^^^^^^^^^^^^^^^^^^^^^^^^^^^^^^^^^^^^^^^^^^^^^^^
  3 | import { Section } from "./section";
  4 |
  5 | export function MiraSection() {

Import map: aliased to relative './src/lib/landing-content' inside of [project]/

Import trace:
  Server Component:
    ./src/components/landing/mira-section.tsx
    ./src/app/page.tsx

https://nextjs.org/docs/messages/module-not-found @ http://localhost:3000/_next/static/chunks/node_modules_next_dist_0u_w_5s._.js:1945
[  599988ms] [ERROR] ./src/components/landing/steps-section.tsx:2:1
Module not found: Can't resolve '@/lib/landing-content'
  1 | import { Trophy } from "lucide-react";
> 2 | import { steps } from "@/lib/landing-content";
    | ^^^^^^^^^^^^^^^^^^^^^^^^^^^^^^^^^^^^^^^^^^^^^^
  3 | import { Section } from "./section";
  4 |
  5 | export function StepsSection() {

Import map: aliased to relative './src/lib/landing-content' inside of [project]/

Import trace:
  Server Component:
    ./src/components/landing/steps-section.tsx
    ./src/app/page.tsx

https://nextjs.org/docs/messages/module-not-found @ http://localhost:3000/_next/static/chunks/node_modules_next_dist_0u_w_5s._.js:1945
[  599988ms] [ERROR] ./src/components/landing/timeline-section.tsx:1:1
Module not found: Can't resolve '@/lib/landing-content'
> 1 | import { timeline } from "@/lib/landing-content";
    | ^^^^^^^^^^^^^^^^^^^^^^^^^^^^^^^^^^^^^^^^^^^^^^^^^
  2 | import { Section } from "./section";
  3 |
  4 | export function TimelineSection() {

Import map: aliased to relative './src/lib/landing-content' inside of [project]/

Import trace:
  Server Component:
    ./src/components/landing/timeline-section.tsx
    ./src/app/page.tsx

https://nextjs.org/docs/messages/module-not-found @ http://localhost:3000/_next/static/chunks/node_modules_next_dist_0u_w_5s._.js:1945
[  599989ms] [ERROR] ./src/components/landing/tracks-section.tsx:1:1
Module not found: Can't resolve '@/lib/landing-content'
> 1 | import { tracks } from "@/lib/landing-content";
    | ^^^^^^^^^^^^^^^^^^^^^^^^^^^^^^^^^^^^^^^^^^^^^^^
  2 | import { Section } from "./section";
  3 | import { TrackCard } from "./track-card";
  4 |

Import map: aliased to relative './src/lib/landing-content' inside of [project]/

Import trace:
  Server Component:
    ./src/components/landing/tracks-section.tsx
    ./src/app/page.tsx

https://nextjs.org/docs/messages/module-not-found @ http://localhost:3000/_next/static/chunks/node_modules_next_dist_0u_w_5s._.js:1945
[  600036ms] [LOG] [Fast Refresh] rebuilding @ http://localhost:3000/_next/static/chunks/node_modules_next_dist_0u_w_5s._.js:1226
